#
# A fatal error has been detected by the Java Runtime Environment:
#
#  SIGSEGV (0xb) at pc=0x000000010c4f0393, pid=9917, tid=21251
#
# JRE version: Java(TM) SE Runtime Environment (7.0_45-b18) (build 1.7.0_45-b18)
# Java VM: Java HotSpot(TM) 64-Bit Server VM (24.45-b08 mixed mode bsd-amd64 compressed oops)
# Problematic frame:
# V  [libjvm.dylib+0xf0393]  Atomic::cmpxchg(unsigned int, unsigned int volatile*, unsigned int)+0x1b
#
# Failed to write core dump. Core dumps have been disabled. To enable core dumping, try "ulimit -c unlimited" before starting Java again
#
# If you would like to submit a bug report, please visit:
#   http://bugreport.sun.com/bugreport/crash.jsp
#

---------------  T H R E A D  ---------------

Current thread (0x00007feaf180f000):  JavaThread "Thread-4" daemon [_thread_in_vm, id=21251, stack(0x000000015bb5b000,0x000000015bc5b000)]

siginfo:si_signo=SIGSEGV: si_errno=0, si_code=1 (SEGV_MAPERR), si_addr=0x0000000000000010

Registers:
RAX=0x0000000000000000, RBX=0x00000001400f8b90, RCX=0x0000000000000001, RDX=0x0000000000000000
RSP=0x000000015bc5a460, RBP=0x000000015bc5a460, RSI=0x0000000000000010, RDI=0x000000002801f172
R8 =0x0000000000000000, R9 =0x000000015bc5a558, R10=0x000000010d00248d, R11=0x000000010c870297
R12=0x0000000000000010, R13=0x00007feaf180f000, R14=0x0000000000000000, R15=0x0000000000000010
RIP=0x000000010c4f0393, EFLAGS=0x0000000000010202, ERR=0x0000000000000006
  TRAPNO=0x000000000000000e

Top of Stack: (sp=0x000000015bc5a460)
0x000000015bc5a460:   000000015bc5a4b0 000000010c9052f9
0x000000015bc5a470:   000000015bc5a4f8 00007feaf180f000
0x000000015bc5a480:   00007feaf180f000 000000011026ede0
0x000000015bc5a490:   0000000000000000 000000011026ede0
0x000000015bc5a4a0:   000000015bc5a580 00007feaf180f000
0x000000015bc5a4b0:   000000015bc5a538 000000010d0024b9
0x000000015bc5a4c0:   000000015bc5a538 000000015bc5a4f8
0x000000015bc5a4d0:   000000011026ede0 000000015bc5a580
0x000000015bc5a4e0:   000000015bc5a538 000000010d0020c8
0x000000015bc5a4f0:   000000010d002086 000000015bc5a4f8
0x000000015bc5a500:   000000011026ede0 000000015bc5a580
0x000000015bc5a510:   0000000110270960 0000000000000000
0x000000015bc5a520:   000000011026ede0 0000000000000000
0x000000015bc5a530:   000000015bc5a558 000000015bc5a5c8
0x000000015bc5a540:   000000010cff03d0 0000000000000000
0x000000015bc5a550:   000000010cffcf20 00000001400f8b90
0x000000015bc5a560:   0000000000000000 0000000000000010
0x000000015bc5a570:   000000010d00fcbf 0000000000000000
0x000000015bc5a580:   000000013fe110b8 000000015bc5a588
0x000000015bc5a590:   000000011040a604 000000015bc5a5e8
0x000000015bc5a5a0:   000000011040c208 0000000000000000
0x000000015bc5a5b0:   000000011040a638 000000015bc5a558
0x000000015bc5a5c0:   000000015bc5a5d8 000000015bc5a630
0x000000015bc5a5d0:   000000010cff03d0 00000001400f8b90
0x000000015bc5a5e0:   0000000000000000 000000013fe7bdd0
0x000000015bc5a5f0:   000000015bc5a5f0 000000011040a846
0x000000015bc5a600:   000000015bc5a658 000000011040c208
0x000000015bc5a610:   0000000000000000 000000011040a8f0
0x000000015bc5a620:   000000015bc5a5d8 000000015bc5a650
0x000000015bc5a630:   000000015bc5a6a0 000000010cff03d0
0x000000015bc5a640:   0000000000000000 00000001400f8b90
0x000000015bc5a650:   00000001400a4198 000000013fe7bdd0 

Instructions: (pc=0x000000010c4f0393)
0x000000010c4f0373:   f8 87 06 5d c3 55 48 89 e5 48 8d 05 15 aa 71 00
0x000000010c4f0383:   83 38 01 0f 9f c0 0f b6 c8 89 d0 83 f9 00 74 01
0x000000010c4f0393:   f0 0f b1 3e 5d c3 90 55 48 89 e5 48 8d 0d f3 a9
0x000000010c4f03a3:   71 00 48 8b 16 4c 8d 04 3a 83 39 01 41 0f 9f c1 

Register to memory mapping:

RAX=0x0000000000000000 is an unknown value
RBX=0x00000001400f8b90 is an oop
jvstm.WriteLockOnVBox 
 - klass: 'jvstm/WriteLockOnVBox'
RCX=0x0000000000000001 is an unknown value
RDX=0x0000000000000000 is an unknown value
RSP=0x000000015bc5a460 is pointing into the stack for thread: 0x00007feaf180f000
RBP=0x000000015bc5a460 is pointing into the stack for thread: 0x00007feaf180f000
RSI=0x0000000000000010 is an unknown value
RDI=0x000000002801f172 is an unknown value
R8 =0x0000000000000000 is an unknown value
R9 =0x000000015bc5a558 is pointing into the stack for thread: 0x00007feaf180f000
R10=0x000000010d00248d is at code_begin+1197 in an Interpreter codelet
method entry point (kind = native)  [0x000000010d001fe0, 0x000000010d002dc0]  3552 bytes
R11=0x000000010c870297: throw_unsatisfied_link_error+0 in /Library/Java/JavaVirtualMachines/jdk1.7.0_45.jdk/Contents/Home/jre/lib/server/libjvm.dylib at 0x000000010c400000
R12=0x0000000000000010 is an unknown value
R13=0x00007feaf180f000 is a thread
R14=0x0000000000000000 is an unknown value
R15=0x0000000000000010 is an unknown value


Stack: [0x000000015bb5b000,0x000000015bc5b000],  sp=0x000000015bc5a460,  free space=1021k
Native frames: (J=compiled Java code, j=interpreted, Vv=VM code, C=native code)
V  [libjvm.dylib+0xf0393]  Atomic::cmpxchg(unsigned int, unsigned int volatile*, unsigned int)+0x1b
V  [libjvm.dylib+0x5052f9]  Unsafe_CompareAndSwapObject+0xf0
j  sun.misc.Unsafe.compareAndSwapObject(Ljava/lang/Object;JLjava/lang/Object;Ljava/lang/Object;)Z+0
j  jvstm.VBox.CASowner(Ljvstm/WriteLockOnVBox;Ljvstm/WriteLockOnVBox;)Z+12
j  jvstm.VBox.getExclusiveLock(Ljvstm/ReadWriteTransaction;)Z+38
j  jvstm.WeakOrderingFutureSubTransaction.setBoxValue(Ljvstm/VBox;Ljava/lang/Object;)V+5
j  jvstm.VBox.put(Ljava/lang/Object;)V+27
j  jvstm.graph.test.TransactionCaseOne$AsychOps.call()Ljava/lang/String;+7
j  jvstm.graph.test.TransactionCaseOne$AsychOps.call()Ljava/lang/Object;+1
j  jvstm.WeakOrderingTransactionalFutureTask.call()Ljava/lang/Object;+58
j  java.util.concurrent.FutureTask.run()V+42
j  java.util.concurrent.ThreadPoolExecutor.runWorker(Ljava/util/concurrent/ThreadPoolExecutor$Worker;)V+95
j  java.util.concurrent.ThreadPoolExecutor$Worker.run()V+5
j  java.lang.Thread.run()V+11
v  ~StubRoutines::call_stub
V  [libjvm.dylib+0x2d6d90]  JavaCalls::call_helper(JavaValue*, methodHandle*, JavaCallArguments*, Thread*)+0x22a
V  [libjvm.dylib+0x2d72a7]  JavaCalls::call_virtual(JavaValue*, KlassHandle, Symbol*, Symbol*, JavaCallArguments*, Thread*)+0x11b
V  [libjvm.dylib+0x2d73e4]  JavaCalls::call_virtual(JavaValue*, Handle, KlassHandle, Symbol*, Symbol*, Thread*)+0x4a
V  [libjvm.dylib+0x3263ca]  thread_entry(JavaThread*, Thread*)+0xad
V  [libjvm.dylib+0x4efb47]  JavaThread::thread_main_inner()+0x9b
V  [libjvm.dylib+0x4f124f]  JavaThread::run()+0x1a3
V  [libjvm.dylib+0x41b1c6]  java_start(Thread*)+0x126
C  [libsystem_pthread.dylib+0x3268]  _pthread_body+0x83
C  [libsystem_pthread.dylib+0x31e5]  _pthread_body+0x0
C  [libsystem_pthread.dylib+0x141d]  thread_start+0xd

Java frames: (J=compiled Java code, j=interpreted, Vv=VM code)
j  sun.misc.Unsafe.compareAndSwapObject(Ljava/lang/Object;JLjava/lang/Object;Ljava/lang/Object;)Z+0
j  jvstm.VBox.CASowner(Ljvstm/WriteLockOnVBox;Ljvstm/WriteLockOnVBox;)Z+12
j  jvstm.VBox.getExclusiveLock(Ljvstm/ReadWriteTransaction;)Z+38
j  jvstm.WeakOrderingFutureSubTransaction.setBoxValue(Ljvstm/VBox;Ljava/lang/Object;)V+5
j  jvstm.VBox.put(Ljava/lang/Object;)V+27
j  jvstm.graph.test.TransactionCaseOne$AsychOps.call()Ljava/lang/String;+7
j  jvstm.graph.test.TransactionCaseOne$AsychOps.call()Ljava/lang/Object;+1
j  jvstm.WeakOrderingTransactionalFutureTask.call()Ljava/lang/Object;+58
j  java.util.concurrent.FutureTask.run()V+42
j  java.util.concurrent.ThreadPoolExecutor.runWorker(Ljava/util/concurrent/ThreadPoolExecutor$Worker;)V+95
j  java.util.concurrent.ThreadPoolExecutor$Worker.run()V+5
j  java.lang.Thread.run()V+11
v  ~StubRoutines::call_stub

---------------  P R O C E S S  ---------------

Java Threads: ( => current thread )
  0x00007feaf28f1800 JavaThread "Thread-5" daemon [_thread_blocked, id=21763, stack(0x000000015bc5e000,0x000000015bd5e000)]
=>0x00007feaf180f000 JavaThread "Thread-4" daemon [_thread_in_vm, id=21251, stack(0x000000015bb5b000,0x000000015bc5b000)]
  0x00007feaf28f1000 JavaThread "DestroyJavaVM" [_thread_blocked, id=4867, stack(0x000000010ce58000,0x000000010cf58000)]
  0x00007feaf283b800 JavaThread "Thread-3" [_thread_blocked, id=20739, stack(0x000000015ba58000,0x000000015bb58000)]
  0x00007feaf2069800 JavaThread "Thread-1" daemon [_thread_blocked, id=20227, stack(0x000000015b955000,0x000000015ba55000)]
  0x00007feaf181d000 JavaThread "Service Thread" daemon [_thread_blocked, id=19203, stack(0x000000015b4a3000,0x000000015b5a3000)]
  0x00007feaf181c000 JavaThread "C2 CompilerThread1" daemon [_thread_blocked, id=18691, stack(0x000000015b3a0000,0x000000015b4a0000)]
  0x00007feaf283c000 JavaThread "C2 CompilerThread0" daemon [_thread_blocked, id=18179, stack(0x000000015b29d000,0x000000015b39d000)]
  0x00007feaf283a800 JavaThread "JDWP Command Reader" daemon [_thread_in_native, id=17667, stack(0x000000015b19a000,0x000000015b29a000)]
  0x00007feaf2839800 JavaThread "JDWP Event Helper Thread" daemon [_thread_blocked, id=17155, stack(0x000000015b097000,0x000000015b197000)]
  0x00007feaf3018800 JavaThread "JDWP Transport Listener: dt_socket" daemon [_thread_blocked, id=16643, stack(0x000000015af94000,0x000000015b094000)]
  0x00007feaf201f800 JavaThread "Signal Dispatcher" daemon [_thread_blocked, id=12307, stack(0x000000015ae8b000,0x000000015af8b000)]
  0x00007feaf1818800 JavaThread "Finalizer" daemon [_thread_blocked, id=11523, stack(0x0000000159481000,0x0000000159581000)]
  0x00007feaf1815800 JavaThread "Reference Handler" daemon [_thread_blocked, id=11011, stack(0x000000015937e000,0x000000015947e000)]

Other Threads:
  0x00007feaf3012800 VMThread [stack: 0x000000015927b000,0x000000015937b000] [id=10499]
  0x00007feaf3014800 WatcherThread [stack: 0x000000015b5a6000,0x000000015b6a6000] [id=19715]

VM state:not at safepoint (normal execution)

VM Mutex/Monitor currently owned by a thread: None

Heap
 PSYoungGen      total 19456K, used 4056K [0x000000013fe00000, 0x0000000141380000, 0x0000000155380000)
  eden space 16896K, 24% used [0x000000013fe00000,0x00000001401f60b8,0x0000000140e80000)
  from space 2560K, 0% used [0x0000000141100000,0x0000000141100000,0x0000000141380000)
  to   space 2560K, 0% used [0x0000000140e80000,0x0000000140e80000,0x0000000141100000)
 ParOldGen       total 43520K, used 0K [0x0000000115380000, 0x0000000117e00000, 0x000000013fe00000)
  object space 43520K, 0% used [0x0000000115380000,0x0000000115380000,0x0000000117e00000)
 PSPermGen       total 21504K, used 4354K [0x0000000110180000, 0x0000000111680000, 0x0000000115380000)
  object space 21504K, 20% used [0x0000000110180000,0x00000001105c0b80,0x0000000111680000)

Card table byte_map: [0x0000000155380000,0x00000001555aa000] byte_map_base: 0x0000000154aff400

Polling page: 0x000000010bbff000

Code Cache  [0x000000010cfea000, 0x000000010d25a000, 0x000000010ffea000)
 total_blobs=219 nmethods=9 adapters=173 free_code_cache=48739Kb largest_free_block=49895360

Compilation events (10 events):
Event: 0.204 Thread 0x00007feaf283c000 nmethod 3 0x000000010d04c990 code [0x000000010d04cb40, 0x000000010d04d438]
Event: 0.205 Thread 0x00007feaf181c000 nmethod 5 0x000000010d04de90 code [0x000000010d04dfe0, 0x000000010d04e178]
Event: 0.226 Thread 0x00007feaf283c000    6             java.lang.String::charAt (29 bytes)
Event: 0.227 Thread 0x00007feaf283c000 nmethod 6 0x000000010d04c410 code [0x000000010d04c560, 0x000000010d04c658]
Event: 0.247 Thread 0x00007feaf181c000    7             java.io.UnixFileSystem::normalize (75 bytes)
Event: 0.248 Thread 0x00007feaf283c000    8             java.lang.String::lastIndexOf (52 bytes)
Event: 0.252 Thread 0x00007feaf283c000 nmethod 8 0x000000010d049810 code [0x000000010d049960, 0x000000010d049b28]
Event: 0.255 Thread 0x00007feaf181c000 nmethod 7 0x000000010d0491d0 code [0x000000010d049340, 0x000000010d049618]
Event: 0.323 Thread 0x00007feaf283c000    9             java.lang.String::startsWith (72 bytes)
Event: 0.327 Thread 0x00007feaf283c000 nmethod 9 0x000000010d054290 code [0x000000010d0543e0, 0x000000010d0546b8]

GC Heap History (0 events):
No events

Deoptimization events (0 events):
No events

Internal exceptions (10 events):
Event: 0.324 Thread 0x00007feaf283b800 Threw 0x00000001400c1090 at /HUDSON/workspace/7u-2-build-macosx-x86_64/jdk7u45/229/hotspot/src/share/vm/prims/jvm.cpp:1244
Event: 0.326 Thread 0x00007feaf283b800 Threw 0x00000001400c4648 at /HUDSON/workspace/7u-2-build-macosx-x86_64/jdk7u45/229/hotspot/src/share/vm/prims/jvm.cpp:1244
Event: 0.327 Thread 0x00007feaf283b800 Threw 0x00000001400c75f0 at /HUDSON/workspace/7u-2-build-macosx-x86_64/jdk7u45/229/hotspot/src/share/vm/prims/jvm.cpp:1244
Event: 0.328 Thread 0x00007feaf283b800 Threw 0x00000001400ca2f0 at /HUDSON/workspace/7u-2-build-macosx-x86_64/jdk7u45/229/hotspot/src/share/vm/prims/jvm.cpp:1244
Event: 0.329 Thread 0x00007feaf283b800 Threw 0x00000001400cd3a8 at /HUDSON/workspace/7u-2-build-macosx-x86_64/jdk7u45/229/hotspot/src/share/vm/prims/jvm.cpp:1244
Event: 0.331 Thread 0x00007feaf283b800 Threw 0x00000001400d20e8 at /HUDSON/workspace/7u-2-build-macosx-x86_64/jdk7u45/229/hotspot/src/share/vm/prims/jvm.cpp:1244
Event: 0.332 Thread 0x00007feaf283b800 Threw 0x00000001400d4758 at /HUDSON/workspace/7u-2-build-macosx-x86_64/jdk7u45/229/hotspot/src/share/vm/prims/jvm.cpp:1244
Event: 0.334 Thread 0x00007feaf283b800 Threw 0x00000001400d7230 at /HUDSON/workspace/7u-2-build-macosx-x86_64/jdk7u45/229/hotspot/src/share/vm/prims/jvm.cpp:1244
Event: 0.797 Thread 0x00007feaf2069800 Threw 0x000000014014d6b0 at /HUDSON/workspace/7u-2-build-macosx-x86_64/jdk7u45/229/hotspot/src/share/vm/prims/jvm.cpp:1244
Event: 9.502 Thread 0x00007feaf180f000 Threw 0x00000001400f9228 at /HUDSON/workspace/7u-2-build-macosx-x86_64/jdk7u45/229/hotspot/src/share/vm/prims/jvm.cpp:1244

Events (10 events):
Event: 9.500 Executing VM operation: EnterInterpOnlyMode
Event: 9.500 Executing VM operation: EnterInterpOnlyMode done
Event: 9.501 Executing VM operation: GetCurrentLocation
Event: 9.501 Executing VM operation: GetCurrentLocation done
Event: 9.501 Executing VM operation: ChangeSingleStep
Event: 9.501 Executing VM operation: ChangeSingleStep done
Event: 9.501 Executing VM operation: ChangeSingleStep
Event: 9.501 Executing VM operation: ChangeSingleStep done
Event: 9.502 loading class 0x00007feaf1717dd0
Event: 9.502 loading class 0x00007feaf1717dd0 done


Dynamic libraries:
0x000000000149b000 	/System/Library/Frameworks/Cocoa.framework/Versions/A/Cocoa
0x000000000149b000 	/System/Library/Frameworks/Security.framework/Versions/A/Security
0x000000000149b000 	/System/Library/Frameworks/ApplicationServices.framework/Versions/A/ApplicationServices
0x000000000149b000 	/usr/lib/libz.1.dylib
0x000000000149b000 	/usr/lib/libSystem.B.dylib
0x000000000149b000 	/usr/lib/libobjc.A.dylib
0x000000000149b000 	/System/Library/Frameworks/CoreFoundation.framework/Versions/A/CoreFoundation
0x000000000149b000 	/System/Library/Frameworks/Foundation.framework/Versions/C/Foundation
0x000000000149b000 	/System/Library/Frameworks/AppKit.framework/Versions/C/AppKit
0x000000000149b000 	/System/Library/Frameworks/CoreData.framework/Versions/A/CoreData
0x000000000149b000 	/System/Library/PrivateFrameworks/RemoteViewServices.framework/Versions/A/RemoteViewServices
0x000000000149b000 	/System/Library/PrivateFrameworks/UIFoundation.framework/Versions/A/UIFoundation
0x000000000149b000 	/System/Library/Frameworks/IOSurface.framework/Versions/A/IOSurface
0x000000000149b000 	/System/Library/Frameworks/AudioToolbox.framework/Versions/A/AudioToolbox
0x000000000149b000 	/System/Library/Frameworks/AudioUnit.framework/Versions/A/AudioUnit
0x000000000149b000 	/System/Library/PrivateFrameworks/DataDetectorsCore.framework/Versions/A/DataDetectorsCore
0x000000000149b000 	/System/Library/PrivateFrameworks/DesktopServicesPriv.framework/Versions/A/DesktopServicesPriv
0x000000000149b000 	/System/Library/Frameworks/Carbon.framework/Versions/A/Frameworks/HIToolbox.framework/Versions/A/HIToolbox
0x000000000149b000 	/System/Library/Frameworks/QuartzCore.framework/Versions/A/QuartzCore
0x000000000149b000 	/System/Library/Frameworks/Carbon.framework/Versions/A/Frameworks/SpeechRecognition.framework/Versions/A/SpeechRecognition
0x000000000149b000 	/usr/lib/libauto.dylib
0x000000000149b000 	/usr/lib/libicucore.A.dylib
0x000000000149b000 	/usr/lib/libxml2.2.dylib
0x000000000149b000 	/System/Library/PrivateFrameworks/CoreUI.framework/Versions/A/CoreUI
0x000000000149b000 	/System/Library/Frameworks/CoreAudio.framework/Versions/A/CoreAudio
0x000000000149b000 	/System/Library/Frameworks/DiskArbitration.framework/Versions/A/DiskArbitration
0x000000000149b000 	/usr/lib/liblangid.dylib
0x000000000149b000 	/System/Library/PrivateFrameworks/MultitouchSupport.framework/Versions/A/MultitouchSupport
0x000000000149b000 	/System/Library/Frameworks/IOKit.framework/Versions/A/IOKit
0x000000000149b000 	/usr/lib/libDiagnosticMessagesClient.dylib
0x000000000149b000 	/System/Library/Frameworks/CoreServices.framework/Versions/A/CoreServices
0x000000000149b000 	/System/Library/PrivateFrameworks/PerformanceAnalysis.framework/Versions/A/PerformanceAnalysis
0x000000000149b000 	/System/Library/PrivateFrameworks/GenerationalStorage.framework/Versions/A/GenerationalStorage
0x000000000149b000 	/System/Library/Frameworks/OpenGL.framework/Versions/A/OpenGL
0x000000000149b000 	/System/Library/PrivateFrameworks/Sharing.framework/Versions/A/Sharing
0x000000000149b000 	/System/Library/Frameworks/CoreGraphics.framework/Versions/A/CoreGraphics
0x000000000149b000 	/System/Library/Frameworks/CoreText.framework/Versions/A/CoreText
0x000000000149b000 	/System/Library/Frameworks/ImageIO.framework/Versions/A/ImageIO
0x000000000149b000 	/usr/lib/libextension.dylib
0x000000000149b000 	/System/Library/PrivateFrameworks/Backup.framework/Versions/A/Backup
0x000000000149b000 	/usr/lib/libarchive.2.dylib
0x000000000149b000 	/System/Library/Frameworks/CFNetwork.framework/Versions/A/CFNetwork
0x000000000149b000 	/System/Library/Frameworks/SystemConfiguration.framework/Versions/A/SystemConfiguration
0x000000000149b000 	/usr/lib/libCRFSuite.dylib
0x000000000149b000 	/usr/lib/libc++.1.dylib
0x000000000149b000 	/usr/lib/libc++abi.dylib
0x000000000149b000 	/usr/lib/system/libcache.dylib
0x000000000149b000 	/usr/lib/system/libcommonCrypto.dylib
0x000000000149b000 	/usr/lib/system/libcompiler_rt.dylib
0x000000000149b000 	/usr/lib/system/libcopyfile.dylib
0x000000000149b000 	/usr/lib/system/libcorecrypto.dylib
0x000000000149b000 	/usr/lib/system/libdispatch.dylib
0x000000000149b000 	/usr/lib/system/libdyld.dylib
0x000000000149b000 	/usr/lib/system/libkeymgr.dylib
0x000000000149b000 	/usr/lib/system/liblaunch.dylib
0x000000000149b000 	/usr/lib/system/libmacho.dylib
0x000000000149b000 	/usr/lib/system/libquarantine.dylib
0x000000000149b000 	/usr/lib/system/libremovefile.dylib
0x000000000149b000 	/usr/lib/system/libsystem_asl.dylib
0x000000000149b000 	/usr/lib/system/libsystem_blocks.dylib
0x000000000149b000 	/usr/lib/system/libsystem_c.dylib
0x000000000149b000 	/usr/lib/system/libsystem_configuration.dylib
0x000000000149b000 	/usr/lib/system/libsystem_coreservices.dylib
0x000000000149b000 	/usr/lib/system/libsystem_coretls.dylib
0x000000000149b000 	/usr/lib/system/libsystem_dnssd.dylib
0x000000000149b000 	/usr/lib/system/libsystem_info.dylib
0x000000000149b000 	/usr/lib/system/libsystem_kernel.dylib
0x000000000149b000 	/usr/lib/system/libsystem_m.dylib
0x000000000149b000 	/usr/lib/system/libsystem_malloc.dylib
0x000000000149b000 	/usr/lib/system/libsystem_network.dylib
0x000000000149b000 	/usr/lib/system/libsystem_networkextension.dylib
0x000000000149b000 	/usr/lib/system/libsystem_notify.dylib
0x000000000149b000 	/usr/lib/system/libsystem_platform.dylib
0x000000000149b000 	/usr/lib/system/libsystem_pthread.dylib
0x000000000149b000 	/usr/lib/system/libsystem_sandbox.dylib
0x000000000149b000 	/usr/lib/system/libsystem_secinit.dylib
0x000000000149b000 	/usr/lib/system/libsystem_stats.dylib
0x000000000149b000 	/usr/lib/system/libsystem_trace.dylib
0x000000000149b000 	/usr/lib/system/libunc.dylib
0x000000000149b000 	/usr/lib/system/libunwind.dylib
0x000000000149b000 	/usr/lib/system/libxpc.dylib
0x000000000149b000 	/usr/lib/libbz2.1.0.dylib
0x000000000149b000 	/usr/lib/liblzma.5.dylib
0x000000000149b000 	/usr/lib/libbsm.0.dylib
0x000000000149b000 	/usr/lib/libsqlite3.dylib
0x000000000149b000 	/usr/lib/system/libkxld.dylib
0x000000000149b000 	/usr/lib/libxar.1.dylib
0x000000000149b000 	/usr/lib/libpam.2.dylib
0x000000000149b000 	/usr/lib/libOpenScriptingUtil.dylib
0x000000000149b000 	/System/Library/Frameworks/CoreServices.framework/Versions/A/Frameworks/FSEvents.framework/Versions/A/FSEvents
0x000000000149b000 	/System/Library/Frameworks/CoreServices.framework/Versions/A/Frameworks/CarbonCore.framework/Versions/A/CarbonCore
0x000000000149b000 	/System/Library/Frameworks/CoreServices.framework/Versions/A/Frameworks/Metadata.framework/Versions/A/Metadata
0x000000000149b000 	/System/Library/Frameworks/CoreServices.framework/Versions/A/Frameworks/OSServices.framework/Versions/A/OSServices
0x000000000149b000 	/System/Library/Frameworks/CoreServices.framework/Versions/A/Frameworks/SearchKit.framework/Versions/A/SearchKit
0x000000000149b000 	/System/Library/Frameworks/CoreServices.framework/Versions/A/Frameworks/AE.framework/Versions/A/AE
0x000000000149b000 	/System/Library/Frameworks/CoreServices.framework/Versions/A/Frameworks/LaunchServices.framework/Versions/A/LaunchServices
0x000000000149b000 	/System/Library/Frameworks/CoreServices.framework/Versions/A/Frameworks/DictionaryServices.framework/Versions/A/DictionaryServices
0x000000000149b000 	/System/Library/Frameworks/NetFS.framework/Versions/A/NetFS
0x000000000149b000 	/System/Library/PrivateFrameworks/NetAuth.framework/Versions/A/NetAuth
0x000000000149b000 	/System/Library/PrivateFrameworks/login.framework/Versions/A/Frameworks/loginsupport.framework/Versions/A/loginsupport
0x000000000149b000 	/System/Library/PrivateFrameworks/TCC.framework/Versions/A/TCC
0x000000000149b000 	/usr/lib/libmecabra.dylib
0x000000000149b000 	/System/Library/Frameworks/ApplicationServices.framework/Versions/A/Frameworks/ATS.framework/Versions/A/ATS
0x000000000149b000 	/System/Library/Frameworks/ApplicationServices.framework/Versions/A/Frameworks/ColorSync.framework/Versions/A/ColorSync
0x000000000149b000 	/System/Library/Frameworks/ApplicationServices.framework/Versions/A/Frameworks/HIServices.framework/Versions/A/HIServices
0x000000000149b000 	/System/Library/Frameworks/ApplicationServices.framework/Versions/A/Frameworks/LangAnalysis.framework/Versions/A/LangAnalysis
0x000000000149b000 	/System/Library/Frameworks/ApplicationServices.framework/Versions/A/Frameworks/PrintCore.framework/Versions/A/PrintCore
0x000000000149b000 	/System/Library/Frameworks/ApplicationServices.framework/Versions/A/Frameworks/QD.framework/Versions/A/QD
0x000000000149b000 	/System/Library/Frameworks/ApplicationServices.framework/Versions/A/Frameworks/SpeechSynthesis.framework/Versions/A/SpeechSynthesis
0x000000000149b000 	/System/Library/Frameworks/Accelerate.framework/Versions/A/Accelerate
0x000000000149b000 	/System/Library/Frameworks/Accelerate.framework/Versions/A/Frameworks/vImage.framework/Versions/A/vImage
0x000000000149b000 	/System/Library/Frameworks/Accelerate.framework/Versions/A/Frameworks/vecLib.framework/Versions/A/vecLib
0x000000000149b000 	/System/Library/Frameworks/Accelerate.framework/Versions/A/Frameworks/vecLib.framework/Versions/A/libvDSP.dylib
0x000000000149b000 	/System/Library/Frameworks/Accelerate.framework/Versions/A/Frameworks/vecLib.framework/Versions/A/libvMisc.dylib
0x000000000149b000 	/System/Library/Frameworks/Accelerate.framework/Versions/A/Frameworks/vecLib.framework/Versions/A/libLAPACK.dylib
0x000000000149b000 	/System/Library/Frameworks/Accelerate.framework/Versions/A/Frameworks/vecLib.framework/Versions/A/libBLAS.dylib
0x000000000149b000 	/System/Library/Frameworks/Accelerate.framework/Versions/A/Frameworks/vecLib.framework/Versions/A/libLinearAlgebra.dylib
0x000000000149b000 	/System/Library/Frameworks/ApplicationServices.framework/Versions/A/Frameworks/ATS.framework/Versions/A/Resources/libFontParser.dylib
0x000000000149b000 	/System/Library/Frameworks/ApplicationServices.framework/Versions/A/Frameworks/ATS.framework/Versions/A/Resources/libFontRegistry.dylib
0x000000000149b000 	/System/Library/PrivateFrameworks/AppleVPA.framework/Versions/A/AppleVPA
0x000000000149b000 	/System/Library/PrivateFrameworks/AppleJPEG.framework/Versions/A/AppleJPEG
0x000000000149b000 	/System/Library/Frameworks/ImageIO.framework/Versions/A/Resources/libJPEG.dylib
0x000000000149b000 	/System/Library/Frameworks/ImageIO.framework/Versions/A/Resources/libTIFF.dylib
0x000000000149b000 	/System/Library/Frameworks/ImageIO.framework/Versions/A/Resources/libPng.dylib
0x000000000149b000 	/System/Library/Frameworks/ImageIO.framework/Versions/A/Resources/libGIF.dylib
0x000000000149b000 	/System/Library/Frameworks/ImageIO.framework/Versions/A/Resources/libJP2.dylib
0x000000000149b000 	/System/Library/Frameworks/ImageIO.framework/Versions/A/Resources/libRadiance.dylib
0x000000000149b000 	/System/Library/Frameworks/CoreVideo.framework/Versions/A/CoreVideo
0x000000000149b000 	/System/Library/Frameworks/OpenGL.framework/Versions/A/Libraries/libGLU.dylib
0x000000000149b000 	/System/Library/Frameworks/OpenGL.framework/Versions/A/Libraries/libGFXShared.dylib
0x000000000149b000 	/System/Library/Frameworks/OpenGL.framework/Versions/A/Libraries/libGL.dylib
0x000000000149b000 	/System/Library/Frameworks/OpenGL.framework/Versions/A/Libraries/libGLImage.dylib
0x000000000149b000 	/System/Library/Frameworks/OpenGL.framework/Versions/A/Libraries/libCVMSPluginSupport.dylib
0x000000000149b000 	/System/Library/Frameworks/OpenGL.framework/Versions/A/Libraries/libCoreVMClient.dylib
0x000000000149b000 	/usr/lib/libcups.2.dylib
0x000000000149b000 	/System/Library/Frameworks/Kerberos.framework/Versions/A/Kerberos
0x000000000149b000 	/System/Library/Frameworks/GSS.framework/Versions/A/GSS
0x000000000149b000 	/usr/lib/libresolv.9.dylib
0x000000000149b000 	/usr/lib/libiconv.2.dylib
0x000000000149b000 	/System/Library/PrivateFrameworks/Heimdal.framework/Versions/A/Heimdal
0x000000000149b000 	/usr/lib/libheimdal-asn1.dylib
0x000000000149b000 	/System/Library/Frameworks/OpenDirectory.framework/Versions/A/OpenDirectory
0x000000000149b000 	/System/Library/PrivateFrameworks/CommonAuth.framework/Versions/A/CommonAuth
0x000000000149b000 	/System/Library/Frameworks/OpenDirectory.framework/Versions/A/Frameworks/CFOpenDirectory.framework/Versions/A/CFOpenDirectory
0x000000000149b000 	/System/Library/Frameworks/SecurityFoundation.framework/Versions/A/SecurityFoundation
0x000000000149b000 	/System/Library/PrivateFrameworks/LanguageModeling.framework/Versions/A/LanguageModeling
0x000000000149b000 	/usr/lib/libcmph.dylib
0x000000000149b000 	/System/Library/Frameworks/ServiceManagement.framework/Versions/A/ServiceManagement
0x000000000149b000 	/usr/lib/libxslt.1.dylib
0x000000000149b000 	/System/Library/Frameworks/Carbon.framework/Versions/A/Frameworks/Ink.framework/Versions/A/Ink
0x000000000149b000 	/System/Library/Frameworks/QuartzCore.framework/Versions/A/Frameworks/CoreImage.framework/Versions/A/CoreImage
0x000000000149b000 	/System/Library/PrivateFrameworks/CrashReporterSupport.framework/Versions/A/CrashReporterSupport
0x000000000149b000 	/System/Library/Frameworks/OpenCL.framework/Versions/A/OpenCL
0x000000000149b000 	/System/Library/PrivateFrameworks/FaceCore.framework/Versions/A/FaceCore
0x000000000149b000 	/System/Library/PrivateFrameworks/Ubiquity.framework/Versions/A/Ubiquity
0x000000000149b000 	/System/Library/PrivateFrameworks/IconServices.framework/Versions/A/IconServices
0x000000000149b000 	/System/Library/PrivateFrameworks/ChunkingLibrary.framework/Versions/A/ChunkingLibrary
0x000000000149b000 	/System/Library/PrivateFrameworks/Apple80211.framework/Versions/A/Apple80211
0x000000000149b000 	/System/Library/Frameworks/CoreWLAN.framework/Versions/A/CoreWLAN
0x000000000149b000 	/System/Library/Frameworks/IOBluetooth.framework/Versions/A/IOBluetooth
0x000000000149b000 	/System/Library/PrivateFrameworks/CoreWiFi.framework/Versions/A/CoreWiFi
0x000000000149b000 	/System/Library/Frameworks/CoreBluetooth.framework/Versions/A/CoreBluetooth
0x000000000149b000 	/System/Library/PrivateFrameworks/DebugSymbols.framework/Versions/A/DebugSymbols
0x000000000149b000 	/System/Library/PrivateFrameworks/CoreSymbolication.framework/Versions/A/CoreSymbolication
0x000000000149b000 	/System/Library/PrivateFrameworks/Symbolication.framework/Versions/A/Symbolication
0x000000000149b000 	/System/Library/PrivateFrameworks/SpeechRecognitionCore.framework/Versions/A/SpeechRecognitionCore
0x000000010c400000 	/Library/Java/JavaVirtualMachines/jdk1.7.0_45.jdk/Contents/Home/jre/lib/server/libjvm.dylib
0x000000000149b000 	/usr/lib/libstdc++.6.dylib
0x000000010cf5a000 	/Library/Java/JavaVirtualMachines/jdk1.7.0_45.jdk/Contents/Home/jre/lib/libverify.dylib
0x000000010cf67000 	/Library/Java/JavaVirtualMachines/jdk1.7.0_45.jdk/Contents/Home/jre/lib/libjava.dylib
0x000000010cf97000 	/Library/Java/JavaVirtualMachines/jdk1.7.0_45.jdk/Contents/Home/jre/lib/libjdwp.dylib
0x000000010cfd4000 	/Library/Java/JavaVirtualMachines/jdk1.7.0_45.jdk/Contents/Home/jre/lib/libnpt.dylib
0x000000010cfe1000 	/Library/Java/JavaVirtualMachines/jdk1.7.0_45.jdk/Contents/Home/jre/lib/libzip.dylib
0x00000001100ea000 	/System/Library/Frameworks/JavaVM.framework/Frameworks/JavaRuntimeSupport.framework/JavaRuntimeSupport
0x0000000159583000 	/System/Library/Frameworks/JavaVM.framework/Versions/A/Frameworks/JavaNativeFoundation.framework/Versions/A/JavaNativeFoundation
0x0000000159597000 	/System/Library/Frameworks/JavaVM.framework/Versions/A/JavaVM
0x000000000149b000 	/System/Library/Frameworks/Carbon.framework/Versions/A/Carbon
0x00000001595a3000 	/System/Library/PrivateFrameworks/JavaLaunching.framework/Versions/A/JavaLaunching
0x000000000149b000 	/System/Library/Frameworks/Carbon.framework/Versions/A/Frameworks/CommonPanels.framework/Versions/A/CommonPanels
0x000000000149b000 	/System/Library/Frameworks/Carbon.framework/Versions/A/Frameworks/Help.framework/Versions/A/Help
0x000000000149b000 	/System/Library/Frameworks/Carbon.framework/Versions/A/Frameworks/ImageCapture.framework/Versions/A/ImageCapture
0x000000000149b000 	/System/Library/Frameworks/Carbon.framework/Versions/A/Frameworks/OpenScripting.framework/Versions/A/OpenScripting
0x000000000149b000 	/System/Library/Frameworks/Carbon.framework/Versions/A/Frameworks/Print.framework/Versions/A/Print
0x000000000149b000 	/System/Library/Frameworks/Carbon.framework/Versions/A/Frameworks/SecurityHI.framework/Versions/A/SecurityHI
0x000000015af8d000 	/Library/Java/JavaVirtualMachines/jdk1.7.0_45.jdk/Contents/Home/jre/lib/libdt_socket.dylib
0x000000015b8e8000 	/Library/Java/JavaVirtualMachines/jdk1.7.0_45.jdk/Contents/Home/jre/lib/libnio.dylib
0x000000015b8f7000 	/Library/Java/JavaVirtualMachines/jdk1.7.0_45.jdk/Contents/Home/jre/lib/./libnet.dylib

VM Arguments:
jvm_args: -agentlib:jdwp=transport=dt_socket,suspend=y,address=localhost:58347 -Dfile.encoding=US-ASCII 
java_command: jvstm.graph.test.TransactionTest
Launcher Type: SUN_STANDARD

Environment Variables:
PATH=/usr/bin:/bin:/usr/sbin:/sbin
SHELL=/bin/bash
DISPLAY=/private/tmp/com.apple.launchd.sprCLsSrIZ/org.macosforge.xquartz:0

Signal Handlers:
SIGSEGV: [libjvm.dylib+0x525415], sa_mask[0]=0xfffefeff, sa_flags=0x00000043
SIGBUS: [libjvm.dylib+0x525415], sa_mask[0]=0xfffefeff, sa_flags=0x00000042
SIGFPE: [libjvm.dylib+0x41891a], sa_mask[0]=0xfffefeff, sa_flags=0x00000042
SIGPIPE: [libjvm.dylib+0x41891a], sa_mask[0]=0xfffefeff, sa_flags=0x00000042
SIGXFSZ: [libjvm.dylib+0x41891a], sa_mask[0]=0xfffefeff, sa_flags=0x00000042
SIGILL: [libjvm.dylib+0x41891a], sa_mask[0]=0xfffefeff, sa_flags=0x00000042
SIGUSR1: SIG_DFL, sa_mask[0]=0x00000000, sa_flags=0x00000000
SIGUSR2: [libjvm.dylib+0x41840c], sa_mask[0]=0x00000004, sa_flags=0x00000042
SIGHUP: [libjvm.dylib+0x41669b], sa_mask[0]=0xfffefeff, sa_flags=0x00000042
SIGINT: [libjvm.dylib+0x41669b], sa_mask[0]=0xfffefeff, sa_flags=0x00000042
SIGTERM: [libjvm.dylib+0x41669b], sa_mask[0]=0xfffefeff, sa_flags=0x00000042
SIGQUIT: [libjvm.dylib+0x41669b], sa_mask[0]=0xfffefeff, sa_flags=0x00000042


---------------  S Y S T E M  ---------------

OS:Bsduname:Darwin 14.3.0 Darwin Kernel Version 14.3.0: Mon Mar 23 11:59:05 PDT 2015; root:xnu-2782.20.48~5/RELEASE_X86_64 x86_64
rlimit: STACK 8192k, CORE 0k, NPROC 709, NOFILE 10240, AS infinity
load average:1.74 1.72 2.25

CPU:total 4 (2 cores per cpu, 2 threads per core) family 6 model 69 stepping 1, cmov, cx8, fxsr, mmx, sse, sse2, sse3, ssse3, sse4.1, sse4.2, popcnt, avx, avx2, aes, erms, ht, tsc, tscinvbit

Memory: 4k page, physical 4194304k(1048576k free)

/proc/meminfo:


vm_info: Java HotSpot(TM) 64-Bit Server VM (24.45-b08) for bsd-amd64 JRE (1.7.0_45-b18), built on Oct  8 2013 05:54:16 by "java_re" with gcc 4.2.1 (Based on Apple Inc. build 5658) (LLVM build 2336.11.00)

time: Fri May  4 10:57:31 2018
elapsed time: 9 seconds

