#
# A fatal error has been detected by the Java Runtime Environment:
#
#  SIGSEGV (0xb) at pc=0x000000010c8f0393, pid=9930, tid=21251
#
# JRE version: Java(TM) SE Runtime Environment (7.0_45-b18) (build 1.7.0_45-b18)
# Java VM: Java HotSpot(TM) 64-Bit Server VM (24.45-b08 mixed mode bsd-amd64 compressed oops)
# Problematic frame:
# V  [libjvm.dylib+0xf0393]  Atomic::cmpxchg(unsigned int, unsigned int volatile*, unsigned int)+0x1b
#
# Failed to write core dump. Core dumps have been disabled. To enable core dumping, try "ulimit -c unlimited" before starting Java again
#
# If you would like to submit a bug report, please visit:
#   http://bugreport.sun.com/bugreport/crash.jsp
#

---------------  T H R E A D  ---------------

Current thread (0x00007fdcdc006000):  JavaThread "Thread-4" daemon [_thread_in_vm, id=21251, stack(0x0000000116b1e000,0x0000000116c1e000)]

siginfo:si_signo=SIGSEGV: si_errno=0, si_code=1 (SEGV_MAPERR), si_addr=0x0000000000000010

Registers:
RAX=0x0000000000000000, RBX=0x00000007ead81f88, RCX=0x0000000000000001, RDX=0x0000000000000000
RSP=0x0000000116c1d470, RBP=0x0000000116c1d470, RSI=0x0000000000000010, RDI=0x00000000fd5b03f1
R8 =0x0000000000000000, R9 =0x0000000116c1d560, R10=0x000000010d26b48d, R11=0x000000010cc70297
R12=0x0000000000000010, R13=0x00007fdcdc006000, R14=0x0000000000000000, R15=0x0000000000000010
RIP=0x000000010c8f0393, EFLAGS=0x0000000000010202, ERR=0x0000000000000006
  TRAPNO=0x000000000000000e

Top of Stack: (sp=0x0000000116c1d470)
0x0000000116c1d470:   0000000116c1d4c0 000000010cd052f9
0x0000000116c1d480:   000000010d258310 00007fdcdc006000
0x0000000116c1d490:   00007fdcdc006000 00000007baeeede0
0x0000000116c1d4a0:   0000000000000000 00000007baeeede0
0x0000000116c1d4b0:   0000000116c1d588 00007fdcdc006000
0x0000000116c1d4c0:   0000000116c1d540 000000010d26b4b9
0x0000000116c1d4d0:   00000007baeeede0 0000000116c1d588
0x0000000116c1d4e0:   0000000116c1d540 000000010d26b0ba
0x0000000116c1d4f0:   0000000116c1d560 000000010d26b086
0x0000000116c1d500:   0000000116c1d500 00000007baeeede0
0x0000000116c1d510:   0000000116c1d588 00000007baef0960
0x0000000116c1d520:   0000000000000000 00000007baeeede0
0x0000000116c1d530:   0000000000000000 0000000116c1d560
0x0000000116c1d540:   0000000116c1d5d0 000000010d2593d0
0x0000000116c1d550:   0000000000000000 000000010d265f20
0x0000000116c1d560:   00000007ead81f88 0000000000000000
0x0000000116c1d570:   0000000000000010 000000010d278cbf
0x0000000116c1d580:   0000000000000000 00000007eaa910b8
0x0000000116c1d590:   0000000116c1d590 00000007bb08a5d4
0x0000000116c1d5a0:   0000000116c1d5f0 00000007bb08c1c0
0x0000000116c1d5b0:   0000000000000000 00000007bb08a608
0x0000000116c1d5c0:   0000000116c1d560 0000000116c1d5e0
0x0000000116c1d5d0:   0000000116c1d638 000000010d2593d0
0x0000000116c1d5e0:   00000007ead81f88 0000000000000000
0x0000000116c1d5f0:   00000007eaafbd68 0000000116c1d5f8
0x0000000116c1d600:   00000007bb08a80f 0000000116c1d658
0x0000000116c1d610:   00000007bb08c1c0 0000000000000000
0x0000000116c1d620:   00000007bb08a8a8 0000000116c1d5e0
0x0000000116c1d630:   0000000116c1d650 0000000116c1d6a0
0x0000000116c1d640:   000000010d2593d0 0000000000000000
0x0000000116c1d650:   00000007ead2d2e0 00000007eaafbd68
0x0000000116c1d660:   0000000116c1d660 00000007bb1e6ffd 

Instructions: (pc=0x000000010c8f0393)
0x000000010c8f0373:   f8 87 06 5d c3 55 48 89 e5 48 8d 05 15 aa 71 00
0x000000010c8f0383:   83 38 01 0f 9f c0 0f b6 c8 89 d0 83 f9 00 74 01
0x000000010c8f0393:   f0 0f b1 3e 5d c3 90 55 48 89 e5 48 8d 0d f3 a9
0x000000010c8f03a3:   71 00 48 8b 16 4c 8d 04 3a 83 39 01 41 0f 9f c1 

Register to memory mapping:

RAX=0x0000000000000000 is an unknown value
RBX=0x00000007ead81f88 is an oop
jvstm.WriteLockOnVBox 
 - klass: 'jvstm/WriteLockOnVBox'
RCX=0x0000000000000001 is an unknown value
RDX=0x0000000000000000 is an unknown value
RSP=0x0000000116c1d470 is pointing into the stack for thread: 0x00007fdcdc006000
RBP=0x0000000116c1d470 is pointing into the stack for thread: 0x00007fdcdc006000
RSI=0x0000000000000010 is an unknown value
RDI=0x00000000fd5b03f1 is an unknown value
R8 =0x0000000000000000 is an unknown value
R9 =0x0000000116c1d560 is pointing into the stack for thread: 0x00007fdcdc006000
R10=0x000000010d26b48d is at code_begin+1197 in an Interpreter codelet
method entry point (kind = native)  [0x000000010d26afe0, 0x000000010d26bdc0]  3552 bytes
R11=0x000000010cc70297: throw_unsatisfied_link_error+0 in /Library/Java/JavaVirtualMachines/jdk1.7.0_45.jdk/Contents/Home/jre/lib/server/libjvm.dylib at 0x000000010c800000
R12=0x0000000000000010 is an unknown value
R13=0x00007fdcdc006000 is a thread
R14=0x0000000000000000 is an unknown value
R15=0x0000000000000010 is an unknown value


Stack: [0x0000000116b1e000,0x0000000116c1e000],  sp=0x0000000116c1d470,  free space=1021k
Native frames: (J=compiled Java code, j=interpreted, Vv=VM code, C=native code)
V  [libjvm.dylib+0xf0393]  Atomic::cmpxchg(unsigned int, unsigned int volatile*, unsigned int)+0x1b
V  [libjvm.dylib+0x5052f9]  Unsafe_CompareAndSwapObject+0xf0
j  sun.misc.Unsafe.compareAndSwapObject(Ljava/lang/Object;JLjava/lang/Object;Ljava/lang/Object;)Z+0
j  jvstm.VBox.CASowner(Ljvstm/WriteLockOnVBox;Ljvstm/WriteLockOnVBox;)Z+12
j  jvstm.VBox.getExclusiveLock(Ljvstm/ReadWriteTransaction;)Z+31
j  jvstm.WeakOrderingFutureSubTransaction.setBoxValue(Ljvstm/VBox;Ljava/lang/Object;)V+5
j  jvstm.VBox.put(Ljava/lang/Object;)V+27
j  jvstm.graph.test.TransactionCaseOne$AsychOps.call()Ljava/lang/String;+7
j  jvstm.graph.test.TransactionCaseOne$AsychOps.call()Ljava/lang/Object;+1
j  jvstm.WeakOrderingTransactionalFutureTask.call()Ljava/lang/Object;+58
j  java.util.concurrent.FutureTask.run()V+42
j  java.util.concurrent.ThreadPoolExecutor.runWorker(Ljava/util/concurrent/ThreadPoolExecutor$Worker;)V+95
j  java.util.concurrent.ThreadPoolExecutor$Worker.run()V+5
j  java.lang.Thread.run()V+11
v  ~StubRoutines::call_stub
V  [libjvm.dylib+0x2d6d90]  JavaCalls::call_helper(JavaValue*, methodHandle*, JavaCallArguments*, Thread*)+0x22a
V  [libjvm.dylib+0x2d72a7]  JavaCalls::call_virtual(JavaValue*, KlassHandle, Symbol*, Symbol*, JavaCallArguments*, Thread*)+0x11b
V  [libjvm.dylib+0x2d73e4]  JavaCalls::call_virtual(JavaValue*, Handle, KlassHandle, Symbol*, Symbol*, Thread*)+0x4a
V  [libjvm.dylib+0x3263ca]  thread_entry(JavaThread*, Thread*)+0xad
V  [libjvm.dylib+0x4efb47]  JavaThread::thread_main_inner()+0x9b
V  [libjvm.dylib+0x4f124f]  JavaThread::run()+0x1a3
V  [libjvm.dylib+0x41b1c6]  java_start(Thread*)+0x126
C  [libsystem_pthread.dylib+0x3268]  _pthread_body+0x83
C  [libsystem_pthread.dylib+0x31e5]  _pthread_body+0x0
C  [libsystem_pthread.dylib+0x141d]  thread_start+0xd

Java frames: (J=compiled Java code, j=interpreted, Vv=VM code)
j  sun.misc.Unsafe.compareAndSwapObject(Ljava/lang/Object;JLjava/lang/Object;Ljava/lang/Object;)Z+0
j  jvstm.VBox.CASowner(Ljvstm/WriteLockOnVBox;Ljvstm/WriteLockOnVBox;)Z+12
j  jvstm.VBox.getExclusiveLock(Ljvstm/ReadWriteTransaction;)Z+31
j  jvstm.WeakOrderingFutureSubTransaction.setBoxValue(Ljvstm/VBox;Ljava/lang/Object;)V+5
j  jvstm.VBox.put(Ljava/lang/Object;)V+27
j  jvstm.graph.test.TransactionCaseOne$AsychOps.call()Ljava/lang/String;+7
j  jvstm.graph.test.TransactionCaseOne$AsychOps.call()Ljava/lang/Object;+1
j  jvstm.WeakOrderingTransactionalFutureTask.call()Ljava/lang/Object;+58
j  java.util.concurrent.FutureTask.run()V+42
j  java.util.concurrent.ThreadPoolExecutor.runWorker(Ljava/util/concurrent/ThreadPoolExecutor$Worker;)V+95
j  java.util.concurrent.ThreadPoolExecutor$Worker.run()V+5
j  java.lang.Thread.run()V+11
v  ~StubRoutines::call_stub

---------------  P R O C E S S  ---------------

Java Threads: ( => current thread )
  0x00007fdcdb0ce800 JavaThread "Thread-5" daemon [_thread_blocked, id=21763, stack(0x0000000116c21000,0x0000000116d21000)]
=>0x00007fdcdc006000 JavaThread "Thread-4" daemon [_thread_in_vm, id=21251, stack(0x0000000116b1e000,0x0000000116c1e000)]
  0x00007fdcdb0ce000 JavaThread "DestroyJavaVM" [_thread_blocked, id=4867, stack(0x000000010be47000,0x000000010bf47000)]
  0x00007fdcdb0cd000 JavaThread "Thread-3" [_thread_blocked, id=20739, stack(0x0000000116a1b000,0x0000000116b1b000)]
  0x00007fdcdb0b6800 JavaThread "Thread-1" daemon [_thread_blocked, id=20227, stack(0x0000000116918000,0x0000000116a18000)]
  0x00007fdcdb03c800 JavaThread "Service Thread" daemon [_thread_blocked, id=19203, stack(0x0000000116467000,0x0000000116567000)]
  0x00007fdcdb035000 JavaThread "C2 CompilerThread1" daemon [_thread_blocked, id=18691, stack(0x0000000116364000,0x0000000116464000)]
  0x00007fdcdb03c000 JavaThread "C2 CompilerThread0" daemon [_thread_blocked, id=18179, stack(0x0000000116261000,0x0000000116361000)]
  0x00007fdcdc03d000 JavaThread "JDWP Command Reader" daemon [_thread_in_native, id=17667, stack(0x000000011615e000,0x000000011625e000)]
  0x00007fdcdc80b000 JavaThread "JDWP Event Helper Thread" daemon [_thread_blocked, id=17155, stack(0x000000011605b000,0x000000011615b000)]
  0x00007fdcdc810000 JavaThread "JDWP Transport Listener: dt_socket" daemon [_thread_blocked, id=16643, stack(0x0000000115f58000,0x0000000116058000)]
  0x00007fdcdb80b000 JavaThread "Signal Dispatcher" daemon [_thread_blocked, id=13335, stack(0x0000000115e4f000,0x0000000115f4f000)]
  0x00007fdcdc033800 JavaThread "Finalizer" daemon [_thread_blocked, id=11523, stack(0x000000011443d000,0x000000011453d000)]
  0x00007fdcdc031000 JavaThread "Reference Handler" daemon [_thread_blocked, id=11011, stack(0x000000011433a000,0x000000011443a000)]

Other Threads:
  0x00007fdcdc030800 VMThread [stack: 0x0000000114237000,0x0000000114337000] [id=10499]
  0x00007fdcdc811800 WatcherThread [stack: 0x000000011656a000,0x000000011666a000] [id=19715]

VM state:not at safepoint (normal execution)

VM Mutex/Monitor currently owned by a thread: None

Heap
 PSYoungGen      total 19456K, used 4092K [0x00000007eaa80000, 0x00000007ec000000, 0x0000000800000000)
  eden space 16896K, 24% used [0x00000007eaa80000,0x00000007eae7f200,0x00000007ebb00000)
  from space 2560K, 0% used [0x00000007ebd80000,0x00000007ebd80000,0x00000007ec000000)
  to   space 2560K, 0% used [0x00000007ebb00000,0x00000007ebb00000,0x00000007ebd80000)
 ParOldGen       total 43520K, used 0K [0x00000007c0000000, 0x00000007c2a80000, 0x00000007eaa80000)
  object space 43520K, 0% used [0x00000007c0000000,0x00000007c0000000,0x00000007c2a80000)
 PSPermGen       total 21504K, used 4354K [0x00000007bae00000, 0x00000007bc300000, 0x00000007c0000000)
  object space 21504K, 20% used [0x00000007bae00000,0x00000007bb240b28,0x00000007bc300000)

Card table byte_map: [0x0000000110313000,0x000000011053d000] byte_map_base: 0x000000010c53c000

Polling page: 0x000000010bf86000

Code Cache  [0x000000010d253000, 0x000000010d4c3000, 0x0000000110253000)
 total_blobs=219 nmethods=9 adapters=173 free_code_cache=48739Kb largest_free_block=49892992

Compilation events (10 events):
Event: 0.158 Thread 0x00007fdcdb03c000 nmethod 3 0x000000010d2b5a90 code [0x000000010d2b5c40, 0x000000010d2b6538]
Event: 0.161 Thread 0x00007fdcdb035000 nmethod 5 0x000000010d2b3e50 code [0x000000010d2b3fa0, 0x000000010d2b4138]
Event: 0.184 Thread 0x00007fdcdb03c000    6             java.lang.String::charAt (29 bytes)
Event: 0.185 Thread 0x00007fdcdb03c000 nmethod 6 0x000000010d2b4210 code [0x000000010d2b4360, 0x000000010d2b4458]
Event: 0.198 Thread 0x00007fdcdb035000    7             java.io.UnixFileSystem::normalize (75 bytes)
Event: 0.199 Thread 0x00007fdcdb03c000    8             java.lang.String::lastIndexOf (52 bytes)
Event: 0.202 Thread 0x00007fdcdb03c000 nmethod 8 0x000000010d2b7290 code [0x000000010d2b73e0, 0x000000010d2b75a8]
Event: 0.203 Thread 0x00007fdcdb035000 nmethod 7 0x000000010d2b6b90 code [0x000000010d2b6d00, 0x000000010d2b6fd8]
Event: 0.268 Thread 0x00007fdcdb03c000    9             java.lang.String::startsWith (72 bytes)
Event: 0.272 Thread 0x00007fdcdb03c000 nmethod 9 0x000000010d2ba210 code [0x000000010d2ba360, 0x000000010d2ba638]

GC Heap History (0 events):
No events

Deoptimization events (0 events):
No events

Internal exceptions (10 events):
Event: 0.269 Thread 0x00007fdcdb0cd000 Threw 0x00000007ead4a1d8 at /HUDSON/workspace/7u-2-build-macosx-x86_64/jdk7u45/229/hotspot/src/share/vm/prims/jvm.cpp:1244
Event: 0.271 Thread 0x00007fdcdb0cd000 Threw 0x00000007ead4d790 at /HUDSON/workspace/7u-2-build-macosx-x86_64/jdk7u45/229/hotspot/src/share/vm/prims/jvm.cpp:1244
Event: 0.273 Thread 0x00007fdcdb0cd000 Threw 0x00000007ead50738 at /HUDSON/workspace/7u-2-build-macosx-x86_64/jdk7u45/229/hotspot/src/share/vm/prims/jvm.cpp:1244
Event: 0.274 Thread 0x00007fdcdb0cd000 Threw 0x00000007ead53438 at /HUDSON/workspace/7u-2-build-macosx-x86_64/jdk7u45/229/hotspot/src/share/vm/prims/jvm.cpp:1244
Event: 0.275 Thread 0x00007fdcdb0cd000 Threw 0x00000007ead564f0 at /HUDSON/workspace/7u-2-build-macosx-x86_64/jdk7u45/229/hotspot/src/share/vm/prims/jvm.cpp:1244
Event: 0.277 Thread 0x00007fdcdb0cd000 Threw 0x00000007ead5b140 at /HUDSON/workspace/7u-2-build-macosx-x86_64/jdk7u45/229/hotspot/src/share/vm/prims/jvm.cpp:1244
Event: 0.278 Thread 0x00007fdcdb0cd000 Threw 0x00000007ead5d7b0 at /HUDSON/workspace/7u-2-build-macosx-x86_64/jdk7u45/229/hotspot/src/share/vm/prims/jvm.cpp:1244
Event: 0.280 Thread 0x00007fdcdb0cd000 Threw 0x00000007ead60288 at /HUDSON/workspace/7u-2-build-macosx-x86_64/jdk7u45/229/hotspot/src/share/vm/prims/jvm.cpp:1244
Event: 0.748 Thread 0x00007fdcdb0b6800 Threw 0x00000007eadd67f8 at /HUDSON/workspace/7u-2-build-macosx-x86_64/jdk7u45/229/hotspot/src/share/vm/prims/jvm.cpp:1244
Event: 17.725 Thread 0x00007fdcdc006000 Threw 0x00000007ead82848 at /HUDSON/workspace/7u-2-build-macosx-x86_64/jdk7u45/229/hotspot/src/share/vm/prims/jvm.cpp:1244

Events (10 events):
Event: 15.688 Executing VM operation: GetOrSetLocal
Event: 15.688 Executing VM operation: GetOrSetLocal done
Event: 17.721 Executing VM operation: EnterInterpOnlyMode
Event: 17.721 Executing VM operation: EnterInterpOnlyMode done
Event: 17.721 Executing VM operation: GetCurrentLocation
Event: 17.721 Executing VM operation: GetCurrentLocation done
Event: 17.721 Executing VM operation: ChangeSingleStep
Event: 17.721 Executing VM operation: ChangeSingleStep done
Event: 17.723 loading class 0x00007fdcdae24f90
Event: 17.723 loading class 0x00007fdcdae24f90 done


Dynamic libraries:
0x000000000149b000 	/System/Library/Frameworks/Cocoa.framework/Versions/A/Cocoa
0x000000000149b000 	/System/Library/Frameworks/Security.framework/Versions/A/Security
0x000000000149b000 	/System/Library/Frameworks/ApplicationServices.framework/Versions/A/ApplicationServices
0x000000000149b000 	/usr/lib/libz.1.dylib
0x000000000149b000 	/usr/lib/libSystem.B.dylib
0x000000000149b000 	/usr/lib/libobjc.A.dylib
0x000000000149b000 	/System/Library/Frameworks/CoreFoundation.framework/Versions/A/CoreFoundation
0x000000000149b000 	/System/Library/Frameworks/Foundation.framework/Versions/C/Foundation
0x000000000149b000 	/System/Library/Frameworks/AppKit.framework/Versions/C/AppKit
0x000000000149b000 	/System/Library/Frameworks/CoreData.framework/Versions/A/CoreData
0x000000000149b000 	/System/Library/PrivateFrameworks/RemoteViewServices.framework/Versions/A/RemoteViewServices
0x000000000149b000 	/System/Library/PrivateFrameworks/UIFoundation.framework/Versions/A/UIFoundation
0x000000000149b000 	/System/Library/Frameworks/IOSurface.framework/Versions/A/IOSurface
0x000000000149b000 	/System/Library/Frameworks/AudioToolbox.framework/Versions/A/AudioToolbox
0x000000000149b000 	/System/Library/Frameworks/AudioUnit.framework/Versions/A/AudioUnit
0x000000000149b000 	/System/Library/PrivateFrameworks/DataDetectorsCore.framework/Versions/A/DataDetectorsCore
0x000000000149b000 	/System/Library/PrivateFrameworks/DesktopServicesPriv.framework/Versions/A/DesktopServicesPriv
0x000000000149b000 	/System/Library/Frameworks/Carbon.framework/Versions/A/Frameworks/HIToolbox.framework/Versions/A/HIToolbox
0x000000000149b000 	/System/Library/Frameworks/QuartzCore.framework/Versions/A/QuartzCore
0x000000000149b000 	/System/Library/Frameworks/Carbon.framework/Versions/A/Frameworks/SpeechRecognition.framework/Versions/A/SpeechRecognition
0x000000000149b000 	/usr/lib/libauto.dylib
0x000000000149b000 	/usr/lib/libicucore.A.dylib
0x000000000149b000 	/usr/lib/libxml2.2.dylib
0x000000000149b000 	/System/Library/PrivateFrameworks/CoreUI.framework/Versions/A/CoreUI
0x000000000149b000 	/System/Library/Frameworks/CoreAudio.framework/Versions/A/CoreAudio
0x000000000149b000 	/System/Library/Frameworks/DiskArbitration.framework/Versions/A/DiskArbitration
0x000000000149b000 	/usr/lib/liblangid.dylib
0x000000000149b000 	/System/Library/PrivateFrameworks/MultitouchSupport.framework/Versions/A/MultitouchSupport
0x000000000149b000 	/System/Library/Frameworks/IOKit.framework/Versions/A/IOKit
0x000000000149b000 	/usr/lib/libDiagnosticMessagesClient.dylib
0x000000000149b000 	/System/Library/Frameworks/CoreServices.framework/Versions/A/CoreServices
0x000000000149b000 	/System/Library/PrivateFrameworks/PerformanceAnalysis.framework/Versions/A/PerformanceAnalysis
0x000000000149b000 	/System/Library/PrivateFrameworks/GenerationalStorage.framework/Versions/A/GenerationalStorage
0x000000000149b000 	/System/Library/Frameworks/OpenGL.framework/Versions/A/OpenGL
0x000000000149b000 	/System/Library/PrivateFrameworks/Sharing.framework/Versions/A/Sharing
0x000000000149b000 	/System/Library/Frameworks/CoreGraphics.framework/Versions/A/CoreGraphics
0x000000000149b000 	/System/Library/Frameworks/CoreText.framework/Versions/A/CoreText
0x000000000149b000 	/System/Library/Frameworks/ImageIO.framework/Versions/A/ImageIO
0x000000000149b000 	/usr/lib/libextension.dylib
0x000000000149b000 	/System/Library/PrivateFrameworks/Backup.framework/Versions/A/Backup
0x000000000149b000 	/usr/lib/libarchive.2.dylib
0x000000000149b000 	/System/Library/Frameworks/CFNetwork.framework/Versions/A/CFNetwork
0x000000000149b000 	/System/Library/Frameworks/SystemConfiguration.framework/Versions/A/SystemConfiguration
0x000000000149b000 	/usr/lib/libCRFSuite.dylib
0x000000000149b000 	/usr/lib/libc++.1.dylib
0x000000000149b000 	/usr/lib/libc++abi.dylib
0x000000000149b000 	/usr/lib/system/libcache.dylib
0x000000000149b000 	/usr/lib/system/libcommonCrypto.dylib
0x000000000149b000 	/usr/lib/system/libcompiler_rt.dylib
0x000000000149b000 	/usr/lib/system/libcopyfile.dylib
0x000000000149b000 	/usr/lib/system/libcorecrypto.dylib
0x000000000149b000 	/usr/lib/system/libdispatch.dylib
0x000000000149b000 	/usr/lib/system/libdyld.dylib
0x000000000149b000 	/usr/lib/system/libkeymgr.dylib
0x000000000149b000 	/usr/lib/system/liblaunch.dylib
0x000000000149b000 	/usr/lib/system/libmacho.dylib
0x000000000149b000 	/usr/lib/system/libquarantine.dylib
0x000000000149b000 	/usr/lib/system/libremovefile.dylib
0x000000000149b000 	/usr/lib/system/libsystem_asl.dylib
0x000000000149b000 	/usr/lib/system/libsystem_blocks.dylib
0x000000000149b000 	/usr/lib/system/libsystem_c.dylib
0x000000000149b000 	/usr/lib/system/libsystem_configuration.dylib
0x000000000149b000 	/usr/lib/system/libsystem_coreservices.dylib
0x000000000149b000 	/usr/lib/system/libsystem_coretls.dylib
0x000000000149b000 	/usr/lib/system/libsystem_dnssd.dylib
0x000000000149b000 	/usr/lib/system/libsystem_info.dylib
0x000000000149b000 	/usr/lib/system/libsystem_kernel.dylib
0x000000000149b000 	/usr/lib/system/libsystem_m.dylib
0x000000000149b000 	/usr/lib/system/libsystem_malloc.dylib
0x000000000149b000 	/usr/lib/system/libsystem_network.dylib
0x000000000149b000 	/usr/lib/system/libsystem_networkextension.dylib
0x000000000149b000 	/usr/lib/system/libsystem_notify.dylib
0x000000000149b000 	/usr/lib/system/libsystem_platform.dylib
0x000000000149b000 	/usr/lib/system/libsystem_pthread.dylib
0x000000000149b000 	/usr/lib/system/libsystem_sandbox.dylib
0x000000000149b000 	/usr/lib/system/libsystem_secinit.dylib
0x000000000149b000 	/usr/lib/system/libsystem_stats.dylib
0x000000000149b000 	/usr/lib/system/libsystem_trace.dylib
0x000000000149b000 	/usr/lib/system/libunc.dylib
0x000000000149b000 	/usr/lib/system/libunwind.dylib
0x000000000149b000 	/usr/lib/system/libxpc.dylib
0x000000000149b000 	/usr/lib/libbz2.1.0.dylib
0x000000000149b000 	/usr/lib/liblzma.5.dylib
0x000000000149b000 	/usr/lib/libbsm.0.dylib
0x000000000149b000 	/usr/lib/libsqlite3.dylib
0x000000000149b000 	/usr/lib/system/libkxld.dylib
0x000000000149b000 	/usr/lib/libxar.1.dylib
0x000000000149b000 	/usr/lib/libpam.2.dylib
0x000000000149b000 	/usr/lib/libOpenScriptingUtil.dylib
0x000000000149b000 	/System/Library/Frameworks/CoreServices.framework/Versions/A/Frameworks/FSEvents.framework/Versions/A/FSEvents
0x000000000149b000 	/System/Library/Frameworks/CoreServices.framework/Versions/A/Frameworks/CarbonCore.framework/Versions/A/CarbonCore
0x000000000149b000 	/System/Library/Frameworks/CoreServices.framework/Versions/A/Frameworks/Metadata.framework/Versions/A/Metadata
0x000000000149b000 	/System/Library/Frameworks/CoreServices.framework/Versions/A/Frameworks/OSServices.framework/Versions/A/OSServices
0x000000000149b000 	/System/Library/Frameworks/CoreServices.framework/Versions/A/Frameworks/SearchKit.framework/Versions/A/SearchKit
0x000000000149b000 	/System/Library/Frameworks/CoreServices.framework/Versions/A/Frameworks/AE.framework/Versions/A/AE
0x000000000149b000 	/System/Library/Frameworks/CoreServices.framework/Versions/A/Frameworks/LaunchServices.framework/Versions/A/LaunchServices
0x000000000149b000 	/System/Library/Frameworks/CoreServices.framework/Versions/A/Frameworks/DictionaryServices.framework/Versions/A/DictionaryServices
0x000000000149b000 	/System/Library/Frameworks/NetFS.framework/Versions/A/NetFS
0x000000000149b000 	/System/Library/PrivateFrameworks/NetAuth.framework/Versions/A/NetAuth
0x000000000149b000 	/System/Library/PrivateFrameworks/login.framework/Versions/A/Frameworks/loginsupport.framework/Versions/A/loginsupport
0x000000000149b000 	/System/Library/PrivateFrameworks/TCC.framework/Versions/A/TCC
0x000000000149b000 	/usr/lib/libmecabra.dylib
0x000000000149b000 	/System/Library/Frameworks/ApplicationServices.framework/Versions/A/Frameworks/ATS.framework/Versions/A/ATS
0x000000000149b000 	/System/Library/Frameworks/ApplicationServices.framework/Versions/A/Frameworks/ColorSync.framework/Versions/A/ColorSync
0x000000000149b000 	/System/Library/Frameworks/ApplicationServices.framework/Versions/A/Frameworks/HIServices.framework/Versions/A/HIServices
0x000000000149b000 	/System/Library/Frameworks/ApplicationServices.framework/Versions/A/Frameworks/LangAnalysis.framework/Versions/A/LangAnalysis
0x000000000149b000 	/System/Library/Frameworks/ApplicationServices.framework/Versions/A/Frameworks/PrintCore.framework/Versions/A/PrintCore
0x000000000149b000 	/System/Library/Frameworks/ApplicationServices.framework/Versions/A/Frameworks/QD.framework/Versions/A/QD
0x000000000149b000 	/System/Library/Frameworks/ApplicationServices.framework/Versions/A/Frameworks/SpeechSynthesis.framework/Versions/A/SpeechSynthesis
0x000000000149b000 	/System/Library/Frameworks/Accelerate.framework/Versions/A/Accelerate
0x000000000149b000 	/System/Library/Frameworks/Accelerate.framework/Versions/A/Frameworks/vImage.framework/Versions/A/vImage
0x000000000149b000 	/System/Library/Frameworks/Accelerate.framework/Versions/A/Frameworks/vecLib.framework/Versions/A/vecLib
0x000000000149b000 	/System/Library/Frameworks/Accelerate.framework/Versions/A/Frameworks/vecLib.framework/Versions/A/libvDSP.dylib
0x000000000149b000 	/System/Library/Frameworks/Accelerate.framework/Versions/A/Frameworks/vecLib.framework/Versions/A/libvMisc.dylib
0x000000000149b000 	/System/Library/Frameworks/Accelerate.framework/Versions/A/Frameworks/vecLib.framework/Versions/A/libLAPACK.dylib
0x000000000149b000 	/System/Library/Frameworks/Accelerate.framework/Versions/A/Frameworks/vecLib.framework/Versions/A/libBLAS.dylib
0x000000000149b000 	/System/Library/Frameworks/Accelerate.framework/Versions/A/Frameworks/vecLib.framework/Versions/A/libLinearAlgebra.dylib
0x000000000149b000 	/System/Library/Frameworks/ApplicationServices.framework/Versions/A/Frameworks/ATS.framework/Versions/A/Resources/libFontParser.dylib
0x000000000149b000 	/System/Library/Frameworks/ApplicationServices.framework/Versions/A/Frameworks/ATS.framework/Versions/A/Resources/libFontRegistry.dylib
0x000000000149b000 	/System/Library/PrivateFrameworks/AppleVPA.framework/Versions/A/AppleVPA
0x000000000149b000 	/System/Library/PrivateFrameworks/AppleJPEG.framework/Versions/A/AppleJPEG
0x000000000149b000 	/System/Library/Frameworks/ImageIO.framework/Versions/A/Resources/libJPEG.dylib
0x000000000149b000 	/System/Library/Frameworks/ImageIO.framework/Versions/A/Resources/libTIFF.dylib
0x000000000149b000 	/System/Library/Frameworks/ImageIO.framework/Versions/A/Resources/libPng.dylib
0x000000000149b000 	/System/Library/Frameworks/ImageIO.framework/Versions/A/Resources/libGIF.dylib
0x000000000149b000 	/System/Library/Frameworks/ImageIO.framework/Versions/A/Resources/libJP2.dylib
0x000000000149b000 	/System/Library/Frameworks/ImageIO.framework/Versions/A/Resources/libRadiance.dylib
0x000000000149b000 	/System/Library/Frameworks/CoreVideo.framework/Versions/A/CoreVideo
0x000000000149b000 	/System/Library/Frameworks/OpenGL.framework/Versions/A/Libraries/libGLU.dylib
0x000000000149b000 	/System/Library/Frameworks/OpenGL.framework/Versions/A/Libraries/libGFXShared.dylib
0x000000000149b000 	/System/Library/Frameworks/OpenGL.framework/Versions/A/Libraries/libGL.dylib
0x000000000149b000 	/System/Library/Frameworks/OpenGL.framework/Versions/A/Libraries/libGLImage.dylib
0x000000000149b000 	/System/Library/Frameworks/OpenGL.framework/Versions/A/Libraries/libCVMSPluginSupport.dylib
0x000000000149b000 	/System/Library/Frameworks/OpenGL.framework/Versions/A/Libraries/libCoreVMClient.dylib
0x000000000149b000 	/usr/lib/libcups.2.dylib
0x000000000149b000 	/System/Library/Frameworks/Kerberos.framework/Versions/A/Kerberos
0x000000000149b000 	/System/Library/Frameworks/GSS.framework/Versions/A/GSS
0x000000000149b000 	/usr/lib/libresolv.9.dylib
0x000000000149b000 	/usr/lib/libiconv.2.dylib
0x000000000149b000 	/System/Library/PrivateFrameworks/Heimdal.framework/Versions/A/Heimdal
0x000000000149b000 	/usr/lib/libheimdal-asn1.dylib
0x000000000149b000 	/System/Library/Frameworks/OpenDirectory.framework/Versions/A/OpenDirectory
0x000000000149b000 	/System/Library/PrivateFrameworks/CommonAuth.framework/Versions/A/CommonAuth
0x000000000149b000 	/System/Library/Frameworks/OpenDirectory.framework/Versions/A/Frameworks/CFOpenDirectory.framework/Versions/A/CFOpenDirectory
0x000000000149b000 	/System/Library/Frameworks/SecurityFoundation.framework/Versions/A/SecurityFoundation
0x000000000149b000 	/System/Library/PrivateFrameworks/LanguageModeling.framework/Versions/A/LanguageModeling
0x000000000149b000 	/usr/lib/libcmph.dylib
0x000000000149b000 	/System/Library/Frameworks/ServiceManagement.framework/Versions/A/ServiceManagement
0x000000000149b000 	/usr/lib/libxslt.1.dylib
0x000000000149b000 	/System/Library/Frameworks/Carbon.framework/Versions/A/Frameworks/Ink.framework/Versions/A/Ink
0x000000000149b000 	/System/Library/Frameworks/QuartzCore.framework/Versions/A/Frameworks/CoreImage.framework/Versions/A/CoreImage
0x000000000149b000 	/System/Library/PrivateFrameworks/CrashReporterSupport.framework/Versions/A/CrashReporterSupport
0x000000000149b000 	/System/Library/Frameworks/OpenCL.framework/Versions/A/OpenCL
0x000000000149b000 	/System/Library/PrivateFrameworks/FaceCore.framework/Versions/A/FaceCore
0x000000000149b000 	/System/Library/PrivateFrameworks/Ubiquity.framework/Versions/A/Ubiquity
0x000000000149b000 	/System/Library/PrivateFrameworks/IconServices.framework/Versions/A/IconServices
0x000000000149b000 	/System/Library/PrivateFrameworks/ChunkingLibrary.framework/Versions/A/ChunkingLibrary
0x000000000149b000 	/System/Library/PrivateFrameworks/Apple80211.framework/Versions/A/Apple80211
0x000000000149b000 	/System/Library/Frameworks/CoreWLAN.framework/Versions/A/CoreWLAN
0x000000000149b000 	/System/Library/Frameworks/IOBluetooth.framework/Versions/A/IOBluetooth
0x000000000149b000 	/System/Library/PrivateFrameworks/CoreWiFi.framework/Versions/A/CoreWiFi
0x000000000149b000 	/System/Library/Frameworks/CoreBluetooth.framework/Versions/A/CoreBluetooth
0x000000000149b000 	/System/Library/PrivateFrameworks/DebugSymbols.framework/Versions/A/DebugSymbols
0x000000000149b000 	/System/Library/PrivateFrameworks/CoreSymbolication.framework/Versions/A/CoreSymbolication
0x000000000149b000 	/System/Library/PrivateFrameworks/Symbolication.framework/Versions/A/Symbolication
0x000000000149b000 	/System/Library/PrivateFrameworks/SpeechRecognitionCore.framework/Versions/A/SpeechRecognitionCore
0x000000010c800000 	/Library/Java/JavaVirtualMachines/jdk1.7.0_45.jdk/Contents/Home/jre/lib/server/libjvm.dylib
0x000000000149b000 	/usr/lib/libstdc++.6.dylib
0x000000010bf49000 	/Library/Java/JavaVirtualMachines/jdk1.7.0_45.jdk/Contents/Home/jre/lib/libverify.dylib
0x000000010bf56000 	/Library/Java/JavaVirtualMachines/jdk1.7.0_45.jdk/Contents/Home/jre/lib/libjava.dylib
0x000000010bf87000 	/Library/Java/JavaVirtualMachines/jdk1.7.0_45.jdk/Contents/Home/jre/lib/libjdwp.dylib
0x000000010bfc4000 	/Library/Java/JavaVirtualMachines/jdk1.7.0_45.jdk/Contents/Home/jre/lib/libnpt.dylib
0x000000010bfd1000 	/Library/Java/JavaVirtualMachines/jdk1.7.0_45.jdk/Contents/Home/jre/lib/libzip.dylib
0x000000011453f000 	/System/Library/Frameworks/JavaVM.framework/Frameworks/JavaRuntimeSupport.framework/JavaRuntimeSupport
0x0000000114555000 	/System/Library/Frameworks/JavaVM.framework/Versions/A/Frameworks/JavaNativeFoundation.framework/Versions/A/JavaNativeFoundation
0x000000010bff1000 	/System/Library/Frameworks/JavaVM.framework/Versions/A/JavaVM
0x000000000149b000 	/System/Library/Frameworks/Carbon.framework/Versions/A/Carbon
0x0000000114569000 	/System/Library/PrivateFrameworks/JavaLaunching.framework/Versions/A/JavaLaunching
0x000000000149b000 	/System/Library/Frameworks/Carbon.framework/Versions/A/Frameworks/CommonPanels.framework/Versions/A/CommonPanels
0x000000000149b000 	/System/Library/Frameworks/Carbon.framework/Versions/A/Frameworks/Help.framework/Versions/A/Help
0x000000000149b000 	/System/Library/Frameworks/Carbon.framework/Versions/A/Frameworks/ImageCapture.framework/Versions/A/ImageCapture
0x000000000149b000 	/System/Library/Frameworks/Carbon.framework/Versions/A/Frameworks/OpenScripting.framework/Versions/A/OpenScripting
0x000000000149b000 	/System/Library/Frameworks/Carbon.framework/Versions/A/Frameworks/Print.framework/Versions/A/Print
0x000000000149b000 	/System/Library/Frameworks/Carbon.framework/Versions/A/Frameworks/SecurityHI.framework/Versions/A/SecurityHI
0x0000000115f51000 	/Library/Java/JavaVirtualMachines/jdk1.7.0_45.jdk/Contents/Home/jre/lib/libdt_socket.dylib
0x00000001168ab000 	/Library/Java/JavaVirtualMachines/jdk1.7.0_45.jdk/Contents/Home/jre/lib/libnio.dylib
0x00000001168ba000 	/Library/Java/JavaVirtualMachines/jdk1.7.0_45.jdk/Contents/Home/jre/lib/./libnet.dylib

VM Arguments:
jvm_args: -agentlib:jdwp=transport=dt_socket,suspend=y,address=localhost:58358 -Dfile.encoding=US-ASCII 
java_command: jvstm.graph.test.TransactionTest
Launcher Type: SUN_STANDARD

Environment Variables:
PATH=/usr/bin:/bin:/usr/sbin:/sbin
SHELL=/bin/bash
DISPLAY=/private/tmp/com.apple.launchd.sprCLsSrIZ/org.macosforge.xquartz:0

Signal Handlers:
SIGSEGV: [libjvm.dylib+0x525415], sa_mask[0]=0xfffefeff, sa_flags=0x00000043
SIGBUS: [libjvm.dylib+0x525415], sa_mask[0]=0xfffefeff, sa_flags=0x00000042
SIGFPE: [libjvm.dylib+0x41891a], sa_mask[0]=0xfffefeff, sa_flags=0x00000042
SIGPIPE: [libjvm.dylib+0x41891a], sa_mask[0]=0xfffefeff, sa_flags=0x00000042
SIGXFSZ: [libjvm.dylib+0x41891a], sa_mask[0]=0xfffefeff, sa_flags=0x00000042
SIGILL: [libjvm.dylib+0x41891a], sa_mask[0]=0xfffefeff, sa_flags=0x00000042
SIGUSR1: SIG_DFL, sa_mask[0]=0x00000000, sa_flags=0x00000000
SIGUSR2: [libjvm.dylib+0x41840c], sa_mask[0]=0x00000004, sa_flags=0x00000042
SIGHUP: [libjvm.dylib+0x41669b], sa_mask[0]=0xfffefeff, sa_flags=0x00000042
SIGINT: [libjvm.dylib+0x41669b], sa_mask[0]=0xfffefeff, sa_flags=0x00000042
SIGTERM: [libjvm.dylib+0x41669b], sa_mask[0]=0xfffefeff, sa_flags=0x00000042
SIGQUIT: [libjvm.dylib+0x41669b], sa_mask[0]=0xfffefeff, sa_flags=0x00000042


---------------  S Y S T E M  ---------------

OS:Bsduname:Darwin 14.3.0 Darwin Kernel Version 14.3.0: Mon Mar 23 11:59:05 PDT 2015; root:xnu-2782.20.48~5/RELEASE_X86_64 x86_64
rlimit: STACK 8192k, CORE 0k, NPROC 709, NOFILE 10240, AS infinity
load average:1.76 1.69 2.12

CPU:total 4 (2 cores per cpu, 2 threads per core) family 6 model 69 stepping 1, cmov, cx8, fxsr, mmx, sse, sse2, sse3, ssse3, sse4.1, sse4.2, popcnt, avx, avx2, aes, erms, ht, tsc, tscinvbit

Memory: 4k page, physical 4194304k(1048576k free)

/proc/meminfo:


vm_info: Java HotSpot(TM) 64-Bit Server VM (24.45-b08) for bsd-amd64 JRE (1.7.0_45-b18), built on Oct  8 2013 05:54:16 by "java_re" with gcc 4.2.1 (Based on Apple Inc. build 5658) (LLVM build 2336.11.00)

time: Fri May  4 11:00:58 2018
elapsed time: 17 seconds

